执行日期：2018-05-30-11:51:52
leanwork签名认证:成功

执行日期：2018-05-30-11:54:25
leanwork签名认证:成功

执行日期：2018-05-30-11:57:37
leanwork签名认证:成功

执行日期：2018-05-30-11:58:12
leanwork签名认证:成功

执行日期：2018-05-30-11:58:16
leanwork签名认证:成功

执行日期：2018-05-30-11:58:32
leanwork签名认证:成功

执行日期：2018-05-30-11:59:15
leanwork签名认证:成功

执行日期：2018-05-30-12:22:47
leanwork签名认证:成功

执行日期：2018-05-30-12:23:35
leanwork签名认证:成功

执行日期：2018-05-30-12:23:38
leanwork签名认证:成功

执行日期：2018-05-30-12:23:43
leanwork签名认证:成功

执行日期：2018-05-30-12:26:12
leanwork签名认证:成功

执行日期：2018-05-30-12:26:17
leanwork签名认证:成功

执行日期：2018-05-30-12:26:19
leanwork签名认证:成功

执行日期：2018-05-30-12:26:29
leanwork签名认证:成功

执行日期：2018-05-30-12:26:34
leanwork签名认证:成功

执行日期：2018-05-30-12:26:38
leanwork签名认证:成功

执行日期：2018-05-30-12:27:06
leanwork签名认证:成功

执行日期：2018-05-30-12:29:54
leanwork签名认证:成功

执行日期：2018-05-30-12:35:39
leanwork签名认证:成功

执行日期：2018-05-30-12:36:01
leanwork签名认证:成功

执行日期：2018-05-30-12:37:31
leanwork签名认证:成功

执行日期：2018-05-30-12:38:50
leanwork签名认证:成功

执行日期：2018-05-30-13:13:33
leanwork签名认证:成功

执行日期：2018-05-30-13:16:35
leanwork签名认证:成功

执行日期：2018-05-30-13:39:49
leanwork签名认证:成功

执行日期：2018-05-30-15:42:54
leanwork签名认证:成功

执行日期：2018-05-30-16:00:15
leanwork签名认证:成功

执行日期：2018-05-30-16:01:55
leanwork签名认证:成功

执行日期：2018-05-30-16:52:20
支付通知验证-参数:
array (
  'context' => 'OPNCT7jOFpwC8yyqtjuCFkOX7uET6ihnvuasf/gSiowZowK30XnLbeaGXmxcVdx5kG8gN5pPJ/XnNNkKiaC3/X1FW2e7ktq29K0Lele/APjd1dHBJfiU9oaLJ/2lR5b1OeyYQRvq5i8uYliqzbgRufQwCyRbEEQDauv/P+1+OeBqsROZFv+MOWMYiiJPJeeBBQAvzmvCDwUQQvmnRNOuRHFQceqD8iJnyPTgU8Y8R4ZXF1rxQnNsVD4OEoL811bojHaZ6Poyr3zEfHKh2OgAxVa8xXZNps0E49rExsfOpXMp5I/WvUGdGN3bAnz9HmUUxSWiCt8EQFm4zqgRkvSWhJWxNqsjzxXVALelyIOVOWB5Zf7VqLyGL9KBgZEgTk4XjJHRBqOEvGXXz8m4xWyrVgfj3OThLBQOk5h/A7K42Yf0AcfkiY9vUQs/kdtpApbtbI41ZZgDoZfyPlcjEREovpoOZQBzNc0I87ev4fq6CeZTlVsjHQV9zqEcbT4OKNlJCm696hSlxAXq++UlrgksVhdeEcn13OR2LHZ0ufKNi2DySyFIafZZaF1UfkNzJVUqgiFLVdpn3HdlWDayVhYOrG8qYoHXAEHIf6GcUXofHFaKXVRqh/ChUgWFar/8rf91SuRFADgu8u3A9VwDPTzyE+t3/TkC/jbBaixnrDlVBNQ=',
  'orderNumber' => '180322000449TW001375000001140391',
)

执行日期：2018-05-30-17:35:01
支付通知验证-参数:
array (
  'context' => 'OPNCT7jOFpwC8yyqtjuCFkOX7uET6ihnvuasf/gSiowZowK30XnLbeaGXmxcVdx5kG8gN5pPJ/XnNNkKiaC3/X1FW2e7ktq29K0Lele/APjd1dHBJfiU9oaLJ/2lR5b1OeyYQRvq5i8uYliqzbgRufQwCyRbEEQDauv/P+1+OeBqsROZFv+MOWMYiiJPJeeBBQAvzmvCDwUQQvmnRNOuRHFQceqD8iJnyPTgU8Y8R4ZXF1rxQnNsVD4OEoL811bojHaZ6Poyr3zEfHKh2OgAxVa8xXZNps0E49rExsfOpXMp5I/WvUGdGN3bAnz9HmUUxSWiCt8EQFm4zqgRkvSWhJWxNqsjzxXVALelyIOVOWB5Zf7VqLyGL9KBgZEgTk4XjJHRBqOEvGXXz8m4xWyrVgfj3OThLBQOk5h/A7K42Yf0AcfkiY9vUQs/kdtpApbtbI41ZZgDoZfyPlcjEREovpoOZQBzNc0I87ev4fq6CeZTlVsjHQV9zqEcbT4OKNlJCm696hSlxAXq++UlrgksVhdeEcn13OR2LHZ0ufKNi2DySyFIafZZaF1UfkNzJVUqgiFLVdpn3HdlWDayVhYOrG8qYoHXAEHIf6GcUXofHFaKXVRqh/ChUgWFar/8rf91SuRFADgu8u3A9VwDPTzyE+t3/TkC/jbBaixnrDlVBNQ=',
  'orderNumber' => '180322000449TW001375000001140391',
)

执行日期：2018-05-30-17:35:01
通知leanwork地址:http://localhost/pay/

执行日期：2018-05-30-17:35:01
通知leanwork-请求:
array (
  'signType' => 'MD5',
  'orderNo' => NULL,
  'orderAmount' => '0',
  'orderCurrency' => 'CNY',
  'transactionId' => NULL,
  'status' => 'success',
  'sign' => '13ddda5ae5f90db49f2acebbe76259b5',
)

执行日期：2018-05-30-17:35:01
通知leanwork-结果:
'<html>
<head><title>403 Forbidden</title></head>
<body bgcolor="white">
<center><h1>403 Forbidden</h1></center>
<hr><center>nginx/1.11.5</center>
</body>
</html>
'

执行日期：2018-05-30-17:35:03
通知leanwork-请求:
array (
  'signType' => 'MD5',
  'orderNo' => '',
  'orderAmount' => '0',
  'orderCurrency' => 'CNY',
  'transactionId' => '',
  'status' => 'success',
  'sign' => '13ddda5ae5f90db49f2acebbe76259b5',
)

执行日期：2018-05-30-17:35:03
通知leanwork-结果:
'<html>
<head><title>403 Forbidden</title></head>
<body bgcolor="white">
<center><h1>403 Forbidden</h1></center>
<hr><center>nginx/1.11.5</center>
</body>
</html>
'

执行日期：2018-05-30-17:35:03
支付通知验证-参数:
NULL

执行日期：2018-05-30-17:35:03
支付通知验证-结果:
fail

执行日期：2018-05-30-17:35:35
支付通知验证-参数:
array (
  'context' => 'OPNCT7jOFpwC8yyqtjuCFkOX7uET6ihnvuasf/gSiowZowK30XnLbeaGXmxcVdx5kG8gN5pPJ/XnNNkKiaC3/X1FW2e7ktq29K0Lele/APjd1dHBJfiU9oaLJ/2lR5b1OeyYQRvq5i8uYliqzbgRufQwCyRbEEQDauv/P+1+OeBqsROZFv+MOWMYiiJPJeeBBQAvzmvCDwUQQvmnRNOuRHFQceqD8iJnyPTgU8Y8R4ZXF1rxQnNsVD4OEoL811bojHaZ6Poyr3zEfHKh2OgAxVa8xXZNps0E49rExsfOpXMp5I/WvUGdGN3bAnz9HmUUxSWiCt8EQFm4zqgRkvSWhJWxNqsjzxXVALelyIOVOWB5Zf7VqLyGL9KBgZEgTk4XjJHRBqOEvGXXz8m4xWyrVgfj3OThLBQOk5h/A7K42Yf0AcfkiY9vUQs/kdtpApbtbI41ZZgDoZfyPlcjEREovpoOZQBzNc0I87ev4fq6CeZTlVsjHQV9zqEcbT4OKNlJCm696hSlxAXq++UlrgksVhdeEcn13OR2LHZ0ufKNi2DySyFIafZZaF1UfkNzJVUqgiFLVdpn3HdlWDayVhYOrG8qYoHXAEHIf6GcUXofHFaKXVRqh/ChUgWFar/8rf91SuRFADgu8u3A9VwDPTzyE+t3/TkC/jbBaixnrDlVBNQ=',
  'orderNumber' => '180322000449TW001375000001140391',
)

执行日期：2018-05-30-17:35:35
通知leanwork地址:http://localhost/pay/

执行日期：2018-05-30-17:35:35
通知leanwork-请求:
array (
  'signType' => 'MD5',
  'orderNo' => NULL,
  'orderAmount' => '0',
  'orderCurrency' => 'CNY',
  'transactionId' => NULL,
  'status' => 'success',
  'sign' => '13ddda5ae5f90db49f2acebbe76259b5',
)

执行日期：2018-05-30-17:35:35
通知leanwork-结果:
'<html>
<head><title>403 Forbidden</title></head>
<body bgcolor="white">
<center><h1>403 Forbidden</h1></center>
<hr><center>nginx/1.11.5</center>
</body>
</html>
'

执行日期：2018-05-30-17:35:37
通知leanwork-请求:
array (
  'signType' => 'MD5',
  'orderNo' => '',
  'orderAmount' => '0',
  'orderCurrency' => 'CNY',
  'transactionId' => '',
  'status' => 'success',
  'sign' => '13ddda5ae5f90db49f2acebbe76259b5',
)

执行日期：2018-05-30-17:35:37
通知leanwork-结果:
'<html>
<head><title>403 Forbidden</title></head>
<body bgcolor="white">
<center><h1>403 Forbidden</h1></center>
<hr><center>nginx/1.11.5</center>
</body>
</html>
'

执行日期：2018-05-30-17:35:37
支付通知验证-参数:
NULL

执行日期：2018-05-30-17:35:37
支付通知验证-结果:
fail

执行日期：2018-05-30-17:36:20
支付通知验证-参数:
array (
  'context' => 'OPNCT7jOFpwC8yyqtjuCFkOX7uET6ihnvuasf/gSiowZowK30XnLbeaGXmxcVdx5kG8gN5pPJ/XnNNkKiaC3/X1FW2e7ktq29K0Lele/APjd1dHBJfiU9oaLJ/2lR5b1OeyYQRvq5i8uYliqzbgRufQwCyRbEEQDauv/P+1+OeBqsROZFv+MOWMYiiJPJeeBBQAvzmvCDwUQQvmnRNOuRHFQceqD8iJnyPTgU8Y8R4ZXF1rxQnNsVD4OEoL811bojHaZ6Poyr3zEfHKh2OgAxVa8xXZNps0E49rExsfOpXMp5I/WvUGdGN3bAnz9HmUUxSWiCt8EQFm4zqgRkvSWhJWxNqsjzxXVALelyIOVOWB5Zf7VqLyGL9KBgZEgTk4XjJHRBqOEvGXXz8m4xWyrVgfj3OThLBQOk5h/A7K42Yf0AcfkiY9vUQs/kdtpApbtbI41ZZgDoZfyPlcjEREovpoOZQBzNc0I87ev4fq6CeZTlVsjHQV9zqEcbT4OKNlJCm696hSlxAXq++UlrgksVhdeEcn13OR2LHZ0ufKNi2DySyFIafZZaF1UfkNzJVUqgiFLVdpn3HdlWDayVhYOrG8qYoHXAEHIf6GcUXofHFaKXVRqh/ChUgWFar/8rf91SuRFADgu8u3A9VwDPTzyE+t3/TkC/jbBaixnrDlVBNQ=',
  'orderNumber' => '180322000449TW001375000001140391',
)

执行日期：2018-05-30-17:36:20
通知leanwork地址:http://localhost/pay/

执行日期：2018-05-30-17:36:20
通知leanwork-请求:
array (
  'signType' => 'MD5',
  'orderNo' => '180322000449TW001375000001140391',
  'orderAmount' => '10',
  'orderCurrency' => 'CNY',
  'transactionId' => 'O0120180530164711114263000053',
  'status' => 'success',
  'sign' => 'b462c7f9c6b7abee53cbe7101daab486',
)

执行日期：2018-05-30-17:36:20
通知leanwork-结果:
'<html>
<head><title>403 Forbidden</title></head>
<body bgcolor="white">
<center><h1>403 Forbidden</h1></center>
<hr><center>nginx/1.11.5</center>
</body>
</html>
'

执行日期：2018-05-30-17:36:22
通知leanwork-请求:
array (
  'signType' => 'MD5',
  'orderNo' => '180322000449TW001375000001140391',
  'orderAmount' => '10',
  'orderCurrency' => 'CNY',
  'transactionId' => 'O0120180530164711114263000053',
  'status' => 'success',
  'sign' => 'b462c7f9c6b7abee53cbe7101daab486',
)

执行日期：2018-05-30-17:36:22
通知leanwork-结果:
'<html>
<head><title>403 Forbidden</title></head>
<body bgcolor="white">
<center><h1>403 Forbidden</h1></center>
<hr><center>nginx/1.11.5</center>
</body>
</html>
'

执行日期：2018-05-30-17:36:22
支付通知验证-参数:
NULL

执行日期：2018-05-30-17:36:22
支付通知验证-结果:
fail

执行日期：2018-05-30-17:38:26
支付通知验证-参数:
array (
  'context' => 'OPNCT7jOFpwC8yyqtjuCFkOX7uET6ihnvuasf/gSiowZowK30XnLbeaGXmxcVdx5kG8gN5pPJ/XnNNkKiaC3/X1FW2e7ktq29K0Lele/APjd1dHBJfiU9oaLJ/2lR5b1OeyYQRvq5i8uYliqzbgRufQwCyRbEEQDauv/P+1+OeBqsROZFv+MOWMYiiJPJeeBBQAvzmvCDwUQQvmnRNOuRHFQceqD8iJnyPTgU8Y8R4ZXF1rxQnNsVD4OEoL811bojHaZ6Poyr3zEfHKh2OgAxVa8xXZNps0E49rExsfOpXMp5I/WvUGdGN3bAnz9HmUUxSWiCt8EQFm4zqgRkvSWhJWxNqsjzxXVALelyIOVOWB5Zf7VqLyGL9KBgZEgTk4XjJHRBqOEvGXXz8m4xWyrVgfj3OThLBQOk5h/A7K42Yf0AcfkiY9vUQs/kdtpApbtbI41ZZgDoZfyPlcjEREovpoOZQBzNc0I87ev4fq6CeZTlVsjHQV9zqEcbT4OKNlJCm696hSlxAXq++UlrgksVhdeEcn13OR2LHZ0ufKNi2DySyFIafZZaF1UfkNzJVUqgiFLVdpn3HdlWDayVhYOrG8qYoHXAEHIf6GcUXofHFaKXVRqh/ChUgWFar/8rf91SuRFADgu8u3A9VwDPTzyE+t3/TkC/jbBaixnrDlVBNQ=',
  'orderNumber' => '180322000449TW001375000001140391',
)

执行日期：2018-05-30-17:38:26
通知leanwork地址:http://localhost/pay/

执行日期：2018-05-30-17:38:26
通知leanwork-请求:
array (
  'signType' => 'MD5',
  'orderNo' => '180322000449TW001375000001140391',
  'orderAmount' => '10',
  'orderCurrency' => 'CNY',
  'transactionId' => 'O0120180530164711114263000053',
  'status' => 'success',
  'sign' => 'b462c7f9c6b7abee53cbe7101daab486',
)

执行日期：2018-05-30-17:38:26
通知leanwork-结果:
'<html>
<head><title>403 Forbidden</title></head>
<body bgcolor="white">
<center><h1>403 Forbidden</h1></center>
<hr><center>nginx/1.11.5</center>
</body>
</html>
'

执行日期：2018-05-30-17:38:28
通知leanwork-请求:
array (
  'signType' => 'MD5',
  'orderNo' => '180322000449TW001375000001140391',
  'orderAmount' => '10',
  'orderCurrency' => 'CNY',
  'transactionId' => 'O0120180530164711114263000053',
  'status' => 'success',
  'sign' => 'b462c7f9c6b7abee53cbe7101daab486',
)

执行日期：2018-05-30-17:38:28
通知leanwork-结果:
'<html>
<head><title>403 Forbidden</title></head>
<body bgcolor="white">
<center><h1>403 Forbidden</h1></center>
<hr><center>nginx/1.11.5</center>
</body>
</html>
'

