执行日期：2018-08-07-16:16:14
leanwork签名认证:成功

执行日期：2018-08-07-16:16:14
leanwork传进来的参数

执行日期：2018-08-07-16:16:14
array (
  'orderNo' => '180322000449TW001375000001140941',
  'pageUrl' => 'http://localhost/pay/success',
  'notifyUrl' => 'http://zh.cynjs.com/zhifupay/18806/notify.php',
  'totalAmount' => '1',
)

执行日期：2018-08-07-16:16:19
请求表单初始化:
array (
  'version' => '1.0',
  'nodeId' => '10000012',
  'orgId' => '1000000000000019',
  'orderTime' => '20180807161619',
  'txnType' => 'T11113',
  'signType' => 'RSA',
  'charset' => 'UTF-8',
  'bizContext' => '',
  'sign' => '',
  'reserve1' => '',
)

执行日期：2018-08-07-16:16:19
请求表单初始化:
array (
  'outTradeNo' => '180322000449TW001375000001140941',
  'totalAmount' => '1',
  'currency' => 'CNY',
  'pageUrl' => 'http://localhost/pay/success',
  'notifyUrl' => 'http://zh.cynjs.com/zhifupay/18806/notify.php',
  'body' => 'text',
  'orgCreateIp' => '218.106.117.210',
  'payerBank' => 'ICBC',
  'userType' => 1,
)

执行日期：2018-08-07-16:16:19
回填表单:
array (
  'version' => '1.0',
  'nodeId' => '10000012',
  'orgId' => '1000000000000019',
  'orderTime' => '20180807161619',
  'txnType' => 'T11113',
  'signType' => 'RSA',
  'charset' => 'UTF-8',
  'bizContext' => 'kwHWhkdhH4/sypIkza9hIlF9soPxilgdaCpzGU8KZteKggG51AjtKS+qwZ3EHs6vwJqE56KekQJ8Z48Wz6zUZ8lbuYor2gWrgtVvOFUFmmwmyuQG0TlOEUifbdWwcIwICCCwX2m3skRNCHb3CLoqltvhhJx5LN3lpDSO+mesnKQhER3phyFT/54nrkUdynxYDYyqbDcULwJFPQZ2YSf6bVoJY5xdP3tX95Py/KIlD+ObHGkZ6UqD7IttkyVckhTclfkFB9ReXHK+EEDq4qevQCIpcUzEUSrZUr4Z12ABztkm08YTDaobhwjK80jIIMcii2BXYZxOMGDlScfUe2xtZEG/jchsQSTye4gwSm2SCcNKLISRjJb0qvuual3JTbew',
  'sign' => 'er1gxc5gXSvI7FshwcipsFAqkJHcbL1J9r76WPcyACnRS4Maeoa5mwUfbuYn/dKRBQshk9TsFLLejHTg4i1YdBlJM1QhGU/kr5OQg4/ouZ0Sc75qEh8tnXrPeX+3Nl3ruhvVqPJoyLVLurWQAVUGWuAg+n8+bxHnj+09rZkT66k=',
  'reserve1' => '',
)

执行日期：2018-08-07-16:16:26
支付通知验证-参数:
array (
  'reserve1' => '180322000449TW001375000001140941',
  'nodeId' => '10000012',
  'orgId' => '1000000000000019',
  'sign' => 'MFf1NpgxAVDQEGZWu+WutNrW+nTHlVwj1B4WQhq4xNkjk27tqCeb+d9QgC6NH2oOpy40MXCTJu3s7ACrTppnSm8p1LvWDLMhI4Oi4FPWBcoI++Kgx/ZArL02bnCzcRDzKZPyL7ySNINSdkJ/8Sc8JCy52tXkukFyJc23JI6wBdg=',
  'txnType' => 'T11113',
  'charset' => 'UTF-8',
  'signType' => 'RSA',
  'bizContext' => 'kwHWhkdhH4/sypIkza9hIlF9soPxilgdaCpzGU8KZteKggG51AjtKS+qwZ3EHs6vMcooGZV/scH+NfyNxmDbtOvctWpNFPxzihQncMj2Ubz2I1vPJQutu9cyV3n8WLKSt2G/DVjcjX0Mp7nr/0jjSbcQa4/7pUuNtD9e7qLEDU1fR6xwmwqfN1AEOln3HL0tON5gzj3YqmOs9OleyrQ3l8trh+KDzoB6gHkNQ8fTSM8=',
  'orderTime' => '20180807161619',
)

执行日期：2018-08-07-16:16:26
支付通知验证-参数:
array (
  'reserve1' => '180322000449TW001375000001140941',
  'nodeId' => '10000012',
  'orgId' => '1000000000000019',
  'sign' => 'MFf1NpgxAVDQEGZWu+WutNrW+nTHlVwj1B4WQhq4xNkjk27tqCeb+d9QgC6NH2oOpy40MXCTJu3s7ACrTppnSm8p1LvWDLMhI4Oi4FPWBcoI++Kgx/ZArL02bnCzcRDzKZPyL7ySNINSdkJ/8Sc8JCy52tXkukFyJc23JI6wBdg=',
  'txnType' => 'T11113',
  'charset' => 'UTF-8',
  'signType' => 'RSA',
  'bizContext' => 'kwHWhkdhH4/sypIkza9hIlF9soPxilgdaCpzGU8KZteKggG51AjtKS+qwZ3EHs6vMcooGZV/scH+NfyNxmDbtOvctWpNFPxzihQncMj2Ubz2I1vPJQutu9cyV3n8WLKSt2G/DVjcjX0Mp7nr/0jjSbcQa4/7pUuNtD9e7qLEDU1fR6xwmwqfN1AEOln3HL0tON5gzj3YqmOs9OleyrQ3l8trh+KDzoB6gHkNQ8fTSM8=',
  'orderTime' => '20180807161619',
)

执行日期：2018-08-07-16:16:26
支付通知验证-参数:
{"outTradeNo":"180322000449TW001375000001140941","payTime":"","retCode":"RC0000","retMsg":"交易成功","totalAmount":"1.00","tradeNo":"5bdd59a4172c4433844396ca33096154"}

执行日期：2018-08-07-16:16:26
支付通知验证-结果:
ok

执行日期：2018-08-07-16:16:26
支付通知验证-参数:
array (
  'outTradeNo' => '180322000449TW001375000001140941',
  'payTime' => '',
  'retCode' => 'RC0000',
  'retMsg' => '交易成功',
  'totalAmount' => '1.00',
  'tradeNo' => '5bdd59a4172c4433844396ca33096154',
)

执行日期：2018-08-07-16:16:26
通知leanwork地址:http://localhost/pay/

执行日期：2018-08-07-16:16:26
通知leanwork-请求:
array (
  'signType' => 'MD5',
  'orderNo' => '180322000449TW001375000001140941',
  'orderAmount' => '1.00',
  'orderCurrency' => 'CNY',
  'transactionId' => '5bdd59a4172c4433844396ca33096154',
  'status' => 'success',
  'sign' => 'aeefa1c6ae33e2609826f84925687704',
)

执行日期：2018-08-07-16:16:26
通知leanwork-结果:
'<!DOCTYPE html PUBLIC "-//W3C//DTD XHTML 1.0 Transitional//EN" "http://www.w3.org/TR/xhtml1/DTD/xhtml1-transitional.dtd">
<html xmlns="http://www.w3.org/1999/xhtml"><head>
<meta content="text/html; charset=utf-8" http-equiv="Content-Type">
<title>系统发生错误</title>
<style type="text/css">
*{ padding: 0; margin: 0; }
html{ overflow-y: scroll; }
body{ background: #fff; font-family: \'微软雅黑\'; color: #333; font-size: 16px; }
img{ border: 0; }
.error{ padding: 24px 48px; }
.face{ font-size: 100px; font-weight: normal; line-height: 120px; margin-bottom: 12px; }
h1{ font-size: 32px; line-height: 48px; }
.error .content{ padding-top: 10px}
.error .info{ margin-bottom: 12px; }
.error .info .title{ margin-bottom: 3px; }
.error .info .title h3{ color: #000; font-weight: 700; font-size: 16px; }
.error .info .text{ line-height: 24px; }
.copyright{ padding: 12px 48px; color: #999; }
.copyright a{ color: #000; text-decoration: none; }
</style>
</head>
<body>
<div class="error">
<h1>无法加载模块:Pay</h1>
<div class="content">
	<div class="info">
		<div class="title">
			<h3>错误位置</h3>
		</div>
		<div class="text">
			<p>FILE: C:\\18725\\ThinkPHP\\Library\\Think\\Dispatcher.class.php &#12288;LINE: 176</p>
		</div>
	</div>
	<div class="info">
		<div class="title">
			<h3>TRACE</h3>
		</div>
		<div class="text">
			<p>#0 C:\\18725\\ThinkPHP\\Library\\Think\\Dispatcher.class.php(176): E(\'\\xE6\\x97\\xA0\\xE6\\xB3\\x95\\xE5\\x8A\\xA0\\xE8\\xBD\\xBD\\xE6\\xA8\\xA1...\')<br />
#1 C:\\18725\\ThinkPHP\\Library\\Think\\App.class.php(38): Think\\Dispatcher::dispatch()<br />
#2 C:\\18725\\ThinkPHP\\Library\\Think\\App.class.php(193): Think\\App::init()<br />
#3 C:\\18725\\ThinkPHP\\Library\\Think\\Think.class.php(120): Think\\App::run()<br />
#4 C:\\18725\\ThinkPHP\\ThinkPHP.php(97): Think\\Think::start()<br />
#5 C:\\18725\\index.php(25): require(\'C:\\\\18725\\\\ThinkP...\')<br />
#6 {main}</p>
		</div>
	</div>
</div>
</div>

</body>
</html>
'

执行日期：2018-08-07-16:16:28
通知leanwork-请求:
array (
  'signType' => 'MD5',
  'orderNo' => '180322000449TW001375000001140941',
  'orderAmount' => '1.00',
  'orderCurrency' => 'CNY',
  'transactionId' => '5bdd59a4172c4433844396ca33096154',
  'status' => 'success',
  'sign' => 'aeefa1c6ae33e2609826f84925687704',
)

执行日期：2018-08-07-16:16:28
通知leanwork-结果:
'<!DOCTYPE html PUBLIC "-//W3C//DTD XHTML 1.0 Transitional//EN" "http://www.w3.org/TR/xhtml1/DTD/xhtml1-transitional.dtd">
<html xmlns="http://www.w3.org/1999/xhtml"><head>
<meta content="text/html; charset=utf-8" http-equiv="Content-Type">
<title>系统发生错误</title>
<style type="text/css">
*{ padding: 0; margin: 0; }
html{ overflow-y: scroll; }
body{ background: #fff; font-family: \'微软雅黑\'; color: #333; font-size: 16px; }
img{ border: 0; }
.error{ padding: 24px 48px; }
.face{ font-size: 100px; font-weight: normal; line-height: 120px; margin-bottom: 12px; }
h1{ font-size: 32px; line-height: 48px; }
.error .content{ padding-top: 10px}
.error .info{ margin-bottom: 12px; }
.error .info .title{ margin-bottom: 3px; }
.error .info .title h3{ color: #000; font-weight: 700; font-size: 16px; }
.error .info .text{ line-height: 24px; }
.copyright{ padding: 12px 48px; color: #999; }
.copyright a{ color: #000; text-decoration: none; }
</style>
</head>
<body>
<div class="error">
<h1>无法加载模块:Pay</h1>
<div class="content">
	<div class="info">
		<div class="title">
			<h3>错误位置</h3>
		</div>
		<div class="text">
			<p>FILE: C:\\18725\\ThinkPHP\\Library\\Think\\Dispatcher.class.php &#12288;LINE: 176</p>
		</div>
	</div>
	<div class="info">
		<div class="title">
			<h3>TRACE</h3>
		</div>
		<div class="text">
			<p>#0 C:\\18725\\ThinkPHP\\Library\\Think\\Dispatcher.class.php(176): E(\'\\xE6\\x97\\xA0\\xE6\\xB3\\x95\\xE5\\x8A\\xA0\\xE8\\xBD\\xBD\\xE6\\xA8\\xA1...\')<br />
#1 C:\\18725\\ThinkPHP\\Library\\Think\\App.class.php(38): Think\\Dispatcher::dispatch()<br />
#2 C:\\18725\\ThinkPHP\\Library\\Think\\App.class.php(193): Think\\App::init()<br />
#3 C:\\18725\\ThinkPHP\\Library\\Think\\Think.class.php(120): Think\\App::run()<br />
#4 C:\\18725\\ThinkPHP\\ThinkPHP.php(97): Think\\Think::start()<br />
#5 C:\\18725\\index.php(25): require(\'C:\\\\18725\\\\ThinkP...\')<br />
#6 {main}</p>
		</div>
	</div>
</div>
</div>

</body>
</html>
'

执行日期：2018-08-07-16:16:47
leanwork签名认证:成功

执行日期：2018-08-07-16:16:47
leanwork传进来的参数

执行日期：2018-08-07-16:16:47
array (
  'orderNo' => '180322000449TW001375000001140767',
  'pageUrl' => 'http://localhost/pay/success',
  'notifyUrl' => 'http://zh.cynjs.com/zhifupay/18806/notify.php',
  'totalAmount' => '1',
)

执行日期：2018-08-07-16:17:02
leanwork签名认证:成功

执行日期：2018-08-07-16:17:02
leanwork传进来的参数

执行日期：2018-08-07-16:17:02
array (
  'orderNo' => '180322000449TW001375000001140767',
  'pageUrl' => 'http://localhost/pay/success',
  'notifyUrl' => 'http://zh.cynjs.com/zhifupay/18806/notify.php',
  'totalAmount' => '1',
)

执行日期：2018-08-07-16:28:12
leanwork签名认证:成功

执行日期：2018-08-07-16:28:12
leanwork传进来的参数

执行日期：2018-08-07-16:28:12
array (
  'orderNo' => '180322000449TW001375000001140460',
  'pageUrl' => 'http://localhost/pay/success',
  'notifyUrl' => 'http://www.demo.cn/payment/18807/notify.php',
  'totalAmount' => '1',
)

执行日期：2018-08-07-16:28:15
请求表单初始化:
array (
  'version' => '1.0',
  'nodeId' => '10000012',
  'orgId' => '1000000000000019',
  'orderTime' => '20180807162815',
  'txnType' => 'T11113',
  'signType' => 'RSA',
  'charset' => 'UTF-8',
  'bizContext' => '',
  'sign' => '',
  'reserve1' => '',
)

执行日期：2018-08-07-16:28:15
请求表单初始化:
array (
  'outTradeNo' => '180322000449TW001375000001140460',
  'totalAmount' => '1',
  'currency' => 'CNY',
  'pageUrl' => 'http://localhost/pay/success',
  'notifyUrl' => 'http://www.demo.cn/payment/18807/notify.php',
  'body' => 'text',
  'orgCreateIp' => '127.0.0.1',
  'payerBank' => 'ICBC',
  'userType' => 1,
)

执行日期：2018-08-07-16:28:15
回填表单:
array (
  'version' => '1.0',
  'nodeId' => '10000012',
  'orgId' => '1000000000000019',
  'orderTime' => '20180807162815',
  'txnType' => 'T11113',
  'signType' => 'RSA',
  'charset' => 'UTF-8',
  'bizContext' => 'kwHWhkdhH4/sypIkza9hIlF9soPxilgdaCpzGU8KZtd3UYwk082SkfMw54AAF65cwJqE56KekQJ8Z48Wz6zUZ8lbuYor2gWrgtVvOFUFmmwmyuQG0TlOEUifbdWwcIwICCCwX2m3skRNCHb3CLoqltvhhJx5LN3lpDSO+mesnKQhER3phyFT/54nrkUdynxY1OsktzDEics4Kv5lZUxIschEDvmLMISVg1iqFCki91hE36sg7tDP2zmiTk5ivWSV6hr/FCIZaVp0xA+MSqu3m/DLBN3KkEfUrzIz8T6Jt88mZQIbS/m4POPeTfh7B5q8tfVbBuHTtIfG2odJvsUGOPMXtaSA7y8fJXVJdD6uZlE=',
  'sign' => 'bl3wPHEZxh6ROrEJr3y8RRr0CnmLdYSK6SmOwvgXRMAVtLGqtq0htcOJI34RmToR7axOZE4b4iyF/c3RuCoMr5Zkz8SRhm28Dy794Oie9jmE9z5+saI9nIm9GH5vbbKgMpO2/QrsGpvDWEsVPAGDRPz3Gex6sanqYiCIWodnFg0=',
  'reserve1' => '',
)

